  pch.cpp
  MyServer.cpp
c:\users\nicek\documents\практика в c++\myserver\myserver\myserver.cpp(28): error C2059: синтаксическая ошибка: .
c:\users\nicek\documents\практика в c++\myserver\myserver\myserver.cpp(27): error C2143: синтаксическая ошибка: отсутствие ";" перед "{"
c:\users\nicek\documents\практика в c++\myserver\myserver\myserver.cpp(46): error C2059: синтаксическая ошибка: ,
c:\users\nicek\documents\практика в c++\myserver\myserver\myserver.cpp(47): error C2143: синтаксическая ошибка: отсутствие ";" перед "{"
c:\users\nicek\documents\практика в c++\myserver\myserver\myserver.cpp(49): error C2065: message: необъявленный идентификатор
c:\users\nicek\documents\практика в c++\myserver\myserver\myserver.cpp(49): error C2065: opCode: необъявленный идентификатор
c:\users\nicek\documents\практика в c++\myserver\myserver\myserver.cpp(58): error C2065: message: необъявленный идентификатор
c:\users\nicek\documents\практика в c++\myserver\myserver\myserver.cpp(60): error C2065: message: необъявленный идентификатор
c:\users\nicek\documents\практика в c++\myserver\myserver\myserver.cpp(80): error C2065: message: необъявленный идентификатор
c:\users\nicek\documents\практика в c++\myserver\myserver\myserver.cpp(81): error C2065: message: необъявленный идентификатор
c:\users\nicek\documents\практика в c++\myserver\myserver\myserver.cpp(97): error C2065: message: необъявленный идентификатор
c:\users\nicek\documents\практика в c++\myserver\myserver\myserver.cpp(104): error C2059: синтаксическая ошибка: ,
c:\users\nicek\documents\практика в c++\myserver\myserver\myserver.cpp(105): error C2143: синтаксическая ошибка: отсутствие ";" перед "{"
c:\users\nicek\documents\практика в c++\myserver\myserver\myserver.cpp(113): error C2059: синтаксическая ошибка: )
c:\users\nicek\documents\практика в c++\myserver\myserver\myserver.cpp(113): error C2059: синтаксическая ошибка: .
c:\users\nicek\documents\практика в c++\myserver\myserver\myserver.cpp(113): error C2143: синтаксическая ошибка: отсутствие ";" перед "{"
c:\users\nicek\documents\практика в c++\myserver\myserver\myserver.cpp(113): error C2143: синтаксическая ошибка: отсутствие ")" перед ";"
c:\users\nicek\documents\практика в c++\myserver\myserver\myserver.cpp(113): error C2447: {: отсутствует заголовок функции (возможно, используется формальный список старого типа)
c:\users\nicek\documents\практика в c++\myserver\myserver\myserver.cpp(119): error C2059: синтаксическая ошибка: )
c:\users\nicek\documents\практика в c++\myserver\myserver\myserver.cpp(119): error C2059: синтаксическая ошибка: .
c:\users\nicek\documents\практика в c++\myserver\myserver\myserver.cpp(121): error C2059: синтаксическая ошибка: }
c:\users\nicek\documents\практика в c++\myserver\myserver\myserver.cpp(121): error C2143: синтаксическая ошибка: отсутствие ";" перед "}"
